<?xml version="1.0" encoding="UTF-8"?>
<!-- Generated by org.testng.reporters.JUnitReportReporter -->
<testsuite hostname="chethan" name="demoJenkins.DemoJenkinsJobs" tests="1" failures="0" timestamp="16 Oct 2015 12:02:44 GMT" time="0.020" errors="0">
  <testcase name="testJenkins" time="0.020" classname="demoJenkins.DemoJenkinsJobs"/>
</testsuite> <!-- demoJenkins.DemoJenkinsJobs -->
